<?xml version="1.0" encoding="UTF-8"?>
<testng-results skipped="0" failed="0" total="1" passed="1">
  <reporter-output>
    <line>
      <![CDATA[Hi]]>
    </line>
  </reporter-output>
  <suite name="Suite" duration-ms="49" started-at="2017-02-01T08:33:03Z" finished-at="2017-02-01T08:33:03Z">
    <groups>
    </groups>
    <test name="Test" duration-ms="49" started-at="2017-02-01T08:33:03Z" finished-at="2017-02-01T08:33:03Z">
      <class name="pack1.demo">
        <test-method status="PASS" signature="m()[pri:0, instance:pack1.demo@27082746]" name="m" duration-ms="22" started-at="2017-02-01T14:03:03Z" finished-at="2017-02-01T14:03:03Z">
          <reporter-output>
            <line>
              <![CDATA[Hi]]>
            </line>
          </reporter-output>
        </test-method> <!-- m -->
      </class> <!-- pack1.demo -->
    </test> <!-- Test -->
  </suite> <!-- Suite -->
</testng-results>
